<?xml version="1.0" encoding="UTF-8"?>
<robot generator="Robot 4.1.3 (Python 3.10.2 on darwin)" generated="20220212 11:58:59.304" rpa="false" schemaversion="2">
<suite id="s1" name="Verify Valid Credentials Suite" source="/Users/balaji/Documents/Company/LT4/robot_framework/login_suite/verify_valid_credentials_suite.robot">
<test id="s1-t1" name="TC1">
<kw name="Launch Browser" library="common_functionality" type="SETUP">
<kw name="Set Local Variable" library="BuiltIn">
<arg>${driver_path}</arg>
<arg>chromedriver</arg>
<doc>Makes a variable available everywhere within the local scope.</doc>
<msg timestamp="20220212 11:58:59.576" level="INFO">${driver_path} = chromedriver</msg>
<status status="PASS" starttime="20220212 11:58:59.576" endtime="20220212 11:58:59.576"/>
</kw>
<if>
<branch type="IF" condition="'${BROWSER_NAME}' == 'firefox'">
<kw name="Set Local Variable" library="BuiltIn">
<arg>${driver_path}</arg>
<arg>geckodriver</arg>
<doc>Makes a variable available everywhere within the local scope.</doc>
<status status="NOT RUN" starttime="20220212 11:58:59.578" endtime="20220212 11:58:59.578"/>
</kw>
<status status="NOT RUN" starttime="20220212 11:58:59.577" endtime="20220212 11:58:59.578"/>
</branch>
<branch type="ELSE IF" condition="'${BROWSER_NAME}' == 'edge'">
<kw name="Set Local Variable" library="BuiltIn">
<arg>${driver_path}</arg>
<arg>msedgedriver</arg>
<doc>Makes a variable available everywhere within the local scope.</doc>
<status status="NOT RUN" starttime="20220212 11:58:59.578" endtime="20220212 11:58:59.578"/>
</kw>
<status status="NOT RUN" starttime="20220212 11:58:59.578" endtime="20220212 11:58:59.578"/>
</branch>
<branch type="ELSE IF" condition="'${BROWSER_NAME}' == 'safari'">
<kw name="Set Local Variable" library="BuiltIn">
<arg>${driver_path}</arg>
<arg>safaridriver</arg>
<doc>Makes a variable available everywhere within the local scope.</doc>
<status status="NOT RUN" starttime="20220212 11:58:59.578" endtime="20220212 11:58:59.578"/>
</kw>
<status status="NOT RUN" starttime="20220212 11:58:59.578" endtime="20220212 11:58:59.578"/>
</branch>
<status status="PASS" starttime="20220212 11:58:59.576" endtime="20220212 11:58:59.578"/>
</if>
<kw name="Open Browser" library="SeleniumLibrary">
<arg>browser=${BROWSER_NAME}</arg>
<arg>executable_path=${EXECDIR}${/}drivers${/}${driver_path}</arg>
<doc>Opens a new browser instance to the optional ``url``.</doc>
<msg timestamp="20220212 11:58:59.579" level="INFO">Opening browser 'chrome' to base url 'None'.</msg>
<status status="PASS" starttime="20220212 11:58:59.578" endtime="20220212 11:59:01.713"/>
</kw>
<kw name="Maximize Browser Window" library="SeleniumLibrary">
<doc>Maximizes current browser window.</doc>
<status status="PASS" starttime="20220212 11:59:01.714" endtime="20220212 11:59:01.826"/>
</kw>
<kw name="Set Selenium Implicit Wait" library="SeleniumLibrary">
<arg>30s</arg>
<doc>Sets the implicit wait value used by Selenium.</doc>
<status status="PASS" starttime="20220212 11:59:01.826" endtime="20220212 11:59:01.828"/>
</kw>
<kw name="Set Screenshot Directory" library="SeleniumLibrary">
<arg>${EXECDIR}${/}screenshot</arg>
<doc>Sets the directory for captured screenshots.</doc>
<status status="PASS" starttime="20220212 11:59:01.828" endtime="20220212 11:59:01.829"/>
</kw>
<kw name="Go To" library="SeleniumLibrary">
<arg>url=${URL}</arg>
<doc>Navigates the current browser window to the provided ``url``.</doc>
<msg timestamp="20220212 11:59:01.829" level="INFO">Opening url 'https://demo.openemr.io/b/openemr'</msg>
<status status="PASS" starttime="20220212 11:59:01.829" endtime="20220212 11:59:05.918"/>
</kw>
<status status="PASS" starttime="20220212 11:58:59.575" endtime="20220212 11:59:05.918"/>
</kw>
<kw name="Verify Valid Credentials Template">
<arg>admin</arg>
<arg>pass</arg>
<arg>English (Indian)</arg>
<arg>OpenEMR</arg>
<kw name="Input Text" library="SeleniumLibrary">
<arg>id=authUser</arg>
<arg>${username}</arg>
<doc>Types the given ``text`` into the text field identified by ``locator``.</doc>
<msg timestamp="20220212 11:59:05.920" level="INFO">Typing text 'admin' into text field 'id=authUser'.</msg>
<status status="PASS" starttime="20220212 11:59:05.920" endtime="20220212 11:59:06.018"/>
</kw>
<kw name="Input Password" library="SeleniumLibrary">
<arg>id=clearPass</arg>
<arg>${password}</arg>
<doc>Types the given password into the text field identified by ``locator``.</doc>
<msg timestamp="20220212 11:59:06.018" level="INFO">Typing password into text field 'id=clearPass'.</msg>
<msg timestamp="20220212 11:59:06.053" level="INFO">Temporally setting log level to: NONE</msg>
<msg timestamp="20220212 11:59:06.092" level="INFO">Log level changed from NONE to INFO.</msg>
<status status="PASS" starttime="20220212 11:59:06.018" endtime="20220212 11:59:06.092"/>
</kw>
<kw name="Select From List By Label" library="SeleniumLibrary">
<arg>name=languageChoice</arg>
<arg>${language}</arg>
<doc>Selects options from selection list ``locator`` by ``labels``.</doc>
<msg timestamp="20220212 11:59:06.092" level="INFO">Selecting options from selection list 'name=languageChoice' by label English (Indian).</msg>
<status status="PASS" starttime="20220212 11:59:06.092" endtime="20220212 11:59:06.169"/>
</kw>
<kw name="Click Element" library="SeleniumLibrary">
<arg>xpath=//button[@type='submit']</arg>
<doc>Click the element identified by ``locator``.</doc>
<msg timestamp="20220212 11:59:06.170" level="INFO">Clicking element 'xpath=//button[@type='submit']'.</msg>
<status status="PASS" starttime="20220212 11:59:06.169" endtime="20220212 11:59:09.578"/>
</kw>
<kw name="Title Should Be" library="SeleniumLibrary">
<arg>${expected_title}</arg>
<doc>Verifies that the current page title equals ``title``.</doc>
<msg timestamp="20220212 11:59:09.583" level="INFO">Page title is 'OpenEMR'.</msg>
<status status="PASS" starttime="20220212 11:59:09.578" endtime="20220212 11:59:09.584"/>
</kw>
<status status="PASS" starttime="20220212 11:59:05.918" endtime="20220212 11:59:09.584"/>
</kw>
<kw name="End Browser" library="common_functionality" type="TEARDOWN">
<kw name="Close Browser" library="SeleniumLibrary">
<doc>Closes the current browser.</doc>
<status status="PASS" starttime="20220212 11:59:09.585" endtime="20220212 11:59:09.686"/>
</kw>
<kw name="Comment" library="BuiltIn">
<arg>will start at 10:55 AM</arg>
<doc>Displays the given messages in the log file as keyword arguments.</doc>
<status status="PASS" starttime="20220212 11:59:09.686" endtime="20220212 11:59:09.687"/>
</kw>
<status status="PASS" starttime="20220212 11:59:09.584" endtime="20220212 11:59:09.687"/>
</kw>
<status status="PASS" starttime="20220212 11:58:59.574" endtime="20220212 11:59:09.687"/>
</test>
<test id="s1-t2" name="TC1">
<kw name="Launch Browser" library="common_functionality" type="SETUP">
<kw name="Set Local Variable" library="BuiltIn">
<arg>${driver_path}</arg>
<arg>chromedriver</arg>
<doc>Makes a variable available everywhere within the local scope.</doc>
<msg timestamp="20220212 11:59:09.692" level="INFO">${driver_path} = chromedriver</msg>
<status status="PASS" starttime="20220212 11:59:09.691" endtime="20220212 11:59:09.692"/>
</kw>
<if>
<branch type="IF" condition="'${BROWSER_NAME}' == 'firefox'">
<kw name="Set Local Variable" library="BuiltIn">
<arg>${driver_path}</arg>
<arg>geckodriver</arg>
<doc>Makes a variable available everywhere within the local scope.</doc>
<status status="NOT RUN" starttime="20220212 11:59:09.693" endtime="20220212 11:59:09.693"/>
</kw>
<status status="NOT RUN" starttime="20220212 11:59:09.693" endtime="20220212 11:59:09.693"/>
</branch>
<branch type="ELSE IF" condition="'${BROWSER_NAME}' == 'edge'">
<kw name="Set Local Variable" library="BuiltIn">
<arg>${driver_path}</arg>
<arg>msedgedriver</arg>
<doc>Makes a variable available everywhere within the local scope.</doc>
<status status="NOT RUN" starttime="20220212 11:59:09.693" endtime="20220212 11:59:09.693"/>
</kw>
<status status="NOT RUN" starttime="20220212 11:59:09.693" endtime="20220212 11:59:09.693"/>
</branch>
<branch type="ELSE IF" condition="'${BROWSER_NAME}' == 'safari'">
<kw name="Set Local Variable" library="BuiltIn">
<arg>${driver_path}</arg>
<arg>safaridriver</arg>
<doc>Makes a variable available everywhere within the local scope.</doc>
<status status="NOT RUN" starttime="20220212 11:59:09.693" endtime="20220212 11:59:09.694"/>
</kw>
<status status="NOT RUN" starttime="20220212 11:59:09.693" endtime="20220212 11:59:09.694"/>
</branch>
<status status="PASS" starttime="20220212 11:59:09.693" endtime="20220212 11:59:09.694"/>
</if>
<kw name="Open Browser" library="SeleniumLibrary">
<arg>browser=${BROWSER_NAME}</arg>
<arg>executable_path=${EXECDIR}${/}drivers${/}${driver_path}</arg>
<doc>Opens a new browser instance to the optional ``url``.</doc>
<msg timestamp="20220212 11:59:09.694" level="INFO">Opening browser 'chrome' to base url 'None'.</msg>
<status status="PASS" starttime="20220212 11:59:09.694" endtime="20220212 11:59:11.471"/>
</kw>
<kw name="Maximize Browser Window" library="SeleniumLibrary">
<doc>Maximizes current browser window.</doc>
<status status="PASS" starttime="20220212 11:59:11.472" endtime="20220212 11:59:11.581"/>
</kw>
<kw name="Set Selenium Implicit Wait" library="SeleniumLibrary">
<arg>30s</arg>
<doc>Sets the implicit wait value used by Selenium.</doc>
<status status="PASS" starttime="20220212 11:59:11.582" endtime="20220212 11:59:11.583"/>
</kw>
<kw name="Set Screenshot Directory" library="SeleniumLibrary">
<arg>${EXECDIR}${/}screenshot</arg>
<doc>Sets the directory for captured screenshots.</doc>
<status status="PASS" starttime="20220212 11:59:11.583" endtime="20220212 11:59:11.583"/>
</kw>
<kw name="Go To" library="SeleniumLibrary">
<arg>url=${URL}</arg>
<doc>Navigates the current browser window to the provided ``url``.</doc>
<msg timestamp="20220212 11:59:11.584" level="INFO">Opening url 'https://demo.openemr.io/b/openemr'</msg>
<status status="PASS" starttime="20220212 11:59:11.583" endtime="20220212 11:59:16.098"/>
</kw>
<status status="PASS" starttime="20220212 11:59:09.690" endtime="20220212 11:59:16.099"/>
</kw>
<kw name="Verify Valid Credentials Template">
<arg>physician</arg>
<arg>physician</arg>
<arg>English (Indian)</arg>
<arg>OpenEMR</arg>
<kw name="Input Text" library="SeleniumLibrary">
<arg>id=authUser</arg>
<arg>${username}</arg>
<doc>Types the given ``text`` into the text field identified by ``locator``.</doc>
<msg timestamp="20220212 11:59:16.101" level="INFO">Typing text 'physician' into text field 'id=authUser'.</msg>
<status status="PASS" starttime="20220212 11:59:16.100" endtime="20220212 11:59:16.207"/>
</kw>
<kw name="Input Password" library="SeleniumLibrary">
<arg>id=clearPass</arg>
<arg>${password}</arg>
<doc>Types the given password into the text field identified by ``locator``.</doc>
<msg timestamp="20220212 11:59:16.207" level="INFO">Typing password into text field 'id=clearPass'.</msg>
<msg timestamp="20220212 11:59:16.240" level="INFO">Temporally setting log level to: NONE</msg>
<msg timestamp="20220212 11:59:16.283" level="INFO">Log level changed from NONE to INFO.</msg>
<status status="PASS" starttime="20220212 11:59:16.207" endtime="20220212 11:59:16.283"/>
</kw>
<kw name="Select From List By Label" library="SeleniumLibrary">
<arg>name=languageChoice</arg>
<arg>${language}</arg>
<doc>Selects options from selection list ``locator`` by ``labels``.</doc>
<msg timestamp="20220212 11:59:16.283" level="INFO">Selecting options from selection list 'name=languageChoice' by label English (Indian).</msg>
<status status="PASS" starttime="20220212 11:59:16.283" endtime="20220212 11:59:16.360"/>
</kw>
<kw name="Click Element" library="SeleniumLibrary">
<arg>xpath=//button[@type='submit']</arg>
<doc>Click the element identified by ``locator``.</doc>
<msg timestamp="20220212 11:59:16.360" level="INFO">Clicking element 'xpath=//button[@type='submit']'.</msg>
<status status="PASS" starttime="20220212 11:59:16.360" endtime="20220212 11:59:20.662"/>
</kw>
<kw name="Title Should Be" library="SeleniumLibrary">
<arg>${expected_title}</arg>
<doc>Verifies that the current page title equals ``title``.</doc>
<msg timestamp="20220212 11:59:20.666" level="INFO">Page title is 'OpenEMR'.</msg>
<status status="PASS" starttime="20220212 11:59:20.662" endtime="20220212 11:59:20.666"/>
</kw>
<status status="PASS" starttime="20220212 11:59:16.099" endtime="20220212 11:59:20.666"/>
</kw>
<kw name="End Browser" library="common_functionality" type="TEARDOWN">
<kw name="Close Browser" library="SeleniumLibrary">
<doc>Closes the current browser.</doc>
<status status="PASS" starttime="20220212 11:59:20.667" endtime="20220212 11:59:20.757"/>
</kw>
<kw name="Comment" library="BuiltIn">
<arg>will start at 10:55 AM</arg>
<doc>Displays the given messages in the log file as keyword arguments.</doc>
<status status="PASS" starttime="20220212 11:59:20.757" endtime="20220212 11:59:20.757"/>
</kw>
<status status="PASS" starttime="20220212 11:59:20.666" endtime="20220212 11:59:20.757"/>
</kw>
<status status="PASS" starttime="20220212 11:59:09.688" endtime="20220212 11:59:20.758"/>
</test>
<doc>This suit file handles all the test case related to the
valid credentials</doc>
<status status="PASS" starttime="20220212 11:58:59.305" endtime="20220212 11:59:20.761"/>
</suite>
<statistics>
<total>
<stat pass="2" fail="0" skip="0">All Tests</stat>
</total>
<tag>
</tag>
<suite>
<stat pass="2" fail="0" skip="0" id="s1" name="Verify Valid Credentials Suite">Verify Valid Credentials Suite</stat>
</suite>
</statistics>
<errors>
<msg timestamp="20220212 11:59:09.688" level="WARN">Multiple test cases with name 'TC1' executed in test suite 'Verify Valid Credentials Suite'.</msg>
</errors>
</robot>
