<?xml version="1.0" encoding="UTF-8"?>
<robot generator="Robot 4.1.3 (Python 3.10.2 on darwin)" generated="20220211 16:28:27.008" rpa="false" schemaversion="2">
<suite id="s1" name="Verify Valid Credentials Suite" source="/Users/balaji/Documents/Company/LT4/robot_framework/login_suite/verify_valid_credentials_suite.robot">
<test id="s1-t1" name="TC1">
<kw name="Launch Browser" library="common_functionality" type="SETUP">
<kw name="Open Browser" library="SeleniumLibrary">
<arg>browser=chrome</arg>
<arg>executable_path=${EXECDIR}${/}drivers${/}chromedriver</arg>
<doc>Opens a new browser instance to the optional ``url``.</doc>
<msg timestamp="20220211 16:28:27.245" level="INFO">Opening browser 'chrome' to base url 'None'.</msg>
<status status="PASS" starttime="20220211 16:28:27.244" endtime="20220211 16:28:29.277"/>
</kw>
<kw name="Maximize Browser Window" library="SeleniumLibrary">
<doc>Maximizes current browser window.</doc>
<status status="PASS" starttime="20220211 16:28:29.278" endtime="20220211 16:28:29.392"/>
</kw>
<kw name="Set Selenium Implicit Wait" library="SeleniumLibrary">
<arg>30s</arg>
<doc>Sets the implicit wait value used by Selenium.</doc>
<status status="PASS" starttime="20220211 16:28:29.392" endtime="20220211 16:28:29.393"/>
</kw>
<kw name="Go To" library="SeleniumLibrary">
<arg>url=https://demo.openemr.io/b/openemr</arg>
<doc>Navigates the current browser window to the provided ``url``.</doc>
<msg timestamp="20220211 16:28:29.394" level="INFO">Opening url 'https://demo.openemr.io/b/openemr'</msg>
<status status="PASS" starttime="20220211 16:28:29.393" endtime="20220211 16:28:32.588"/>
</kw>
<status status="PASS" starttime="20220211 16:28:27.244" endtime="20220211 16:28:32.588"/>
</kw>
<kw name="Verify Valid Credentials Template">
<arg>admin</arg>
<arg>pass</arg>
<arg>English (Indian)</arg>
<arg>OpenEMR</arg>
<kw name="Input Text" library="SeleniumLibrary">
<arg>id=authUser</arg>
<arg>${username}</arg>
<doc>Types the given ``text`` into the text field identified by ``locator``.</doc>
<msg timestamp="20220211 16:28:32.590" level="INFO">Typing text 'admin' into text field 'id=authUser'.</msg>
<status status="PASS" starttime="20220211 16:28:32.589" endtime="20220211 16:28:32.704"/>
</kw>
<kw name="Input Password" library="SeleniumLibrary">
<arg>id=clearPass</arg>
<arg>${password}</arg>
<doc>Types the given password into the text field identified by ``locator``.</doc>
<msg timestamp="20220211 16:28:32.705" level="INFO">Typing password into text field 'id=clearPass'.</msg>
<msg timestamp="20220211 16:28:32.736" level="INFO">Temporally setting log level to: NONE</msg>
<msg timestamp="20220211 16:28:32.766" level="INFO">Log level changed from NONE to INFO.</msg>
<status status="PASS" starttime="20220211 16:28:32.704" endtime="20220211 16:28:32.767"/>
</kw>
<kw name="Select From List By Label" library="SeleniumLibrary">
<arg>name=languageChoice</arg>
<arg>${language}</arg>
<doc>Selects options from selection list ``locator`` by ``labels``.</doc>
<msg timestamp="20220211 16:28:32.767" level="INFO">Selecting options from selection list 'name=languageChoice' by label English (Indian).</msg>
<status status="PASS" starttime="20220211 16:28:32.767" endtime="20220211 16:28:32.815"/>
</kw>
<kw name="Click Element" library="SeleniumLibrary">
<arg>xpath=//button[@type='submit']</arg>
<doc>Click the element identified by ``locator``.</doc>
<msg timestamp="20220211 16:28:32.816" level="INFO">Clicking element 'xpath=//button[@type='submit']'.</msg>
<status status="PASS" starttime="20220211 16:28:32.815" endtime="20220211 16:28:36.420"/>
</kw>
<kw name="Title Should Be" library="SeleniumLibrary">
<arg>${expected_title}</arg>
<doc>Verifies that the current page title equals ``title``.</doc>
<msg timestamp="20220211 16:28:36.424" level="INFO">Page title is 'OpenEMR'.</msg>
<status status="PASS" starttime="20220211 16:28:36.420" endtime="20220211 16:28:36.424"/>
</kw>
<status status="PASS" starttime="20220211 16:28:32.588" endtime="20220211 16:28:36.424"/>
</kw>
<kw name="End Browser" library="common_functionality" type="TEARDOWN">
<kw name="Capture Page Screenshot" library="SeleniumLibrary">
<doc>Takes a screenshot of the current page and embeds it into a log file.</doc>
<msg timestamp="20220211 16:28:36.700" level="INFO" html="true">&lt;/td&gt;&lt;/tr&gt;&lt;tr&gt;&lt;td colspan="3"&gt;&lt;a href="selenium-screenshot-3.png"&gt;&lt;img src="selenium-screenshot-3.png" width="800px"&gt;&lt;/a&gt;</msg>
<status status="PASS" starttime="20220211 16:28:36.425" endtime="20220211 16:28:36.700"/>
</kw>
<kw name="Close Browser" library="SeleniumLibrary">
<doc>Closes the current browser.</doc>
<status status="PASS" starttime="20220211 16:28:36.700" endtime="20220211 16:28:36.790"/>
</kw>
<status status="PASS" starttime="20220211 16:28:36.424" endtime="20220211 16:28:36.790"/>
</kw>
<status status="PASS" starttime="20220211 16:28:27.243" endtime="20220211 16:28:36.790"/>
</test>
<test id="s1-t2" name="TC2">
<kw name="Launch Browser" library="common_functionality" type="SETUP">
<kw name="Open Browser" library="SeleniumLibrary">
<arg>browser=chrome</arg>
<arg>executable_path=${EXECDIR}${/}drivers${/}chromedriver</arg>
<doc>Opens a new browser instance to the optional ``url``.</doc>
<msg timestamp="20220211 16:28:36.793" level="INFO">Opening browser 'chrome' to base url 'None'.</msg>
<status status="PASS" starttime="20220211 16:28:36.792" endtime="20220211 16:28:38.673"/>
</kw>
<kw name="Maximize Browser Window" library="SeleniumLibrary">
<doc>Maximizes current browser window.</doc>
<status status="PASS" starttime="20220211 16:28:38.674" endtime="20220211 16:28:38.803"/>
</kw>
<kw name="Set Selenium Implicit Wait" library="SeleniumLibrary">
<arg>30s</arg>
<doc>Sets the implicit wait value used by Selenium.</doc>
<status status="PASS" starttime="20220211 16:28:38.803" endtime="20220211 16:28:38.804"/>
</kw>
<kw name="Go To" library="SeleniumLibrary">
<arg>url=https://demo.openemr.io/b/openemr</arg>
<doc>Navigates the current browser window to the provided ``url``.</doc>
<msg timestamp="20220211 16:28:38.805" level="INFO">Opening url 'https://demo.openemr.io/b/openemr'</msg>
<status status="PASS" starttime="20220211 16:28:38.805" endtime="20220211 16:28:42.006"/>
</kw>
<status status="PASS" starttime="20220211 16:28:36.791" endtime="20220211 16:28:42.007"/>
</kw>
<kw name="Verify Valid Credentials Template">
<arg>physician</arg>
<arg>physician</arg>
<arg>English (Indian)</arg>
<arg>OpenEMR</arg>
<kw name="Input Text" library="SeleniumLibrary">
<arg>id=authUser</arg>
<arg>${username}</arg>
<doc>Types the given ``text`` into the text field identified by ``locator``.</doc>
<msg timestamp="20220211 16:28:42.008" level="INFO">Typing text 'physician' into text field 'id=authUser'.</msg>
<status status="PASS" starttime="20220211 16:28:42.007" endtime="20220211 16:28:42.100"/>
</kw>
<kw name="Input Password" library="SeleniumLibrary">
<arg>id=clearPass</arg>
<arg>${password}</arg>
<doc>Types the given password into the text field identified by ``locator``.</doc>
<msg timestamp="20220211 16:28:42.100" level="INFO">Typing password into text field 'id=clearPass'.</msg>
<msg timestamp="20220211 16:28:42.133" level="INFO">Temporally setting log level to: NONE</msg>
<msg timestamp="20220211 16:28:42.175" level="INFO">Log level changed from NONE to INFO.</msg>
<status status="PASS" starttime="20220211 16:28:42.100" endtime="20220211 16:28:42.175"/>
</kw>
<kw name="Select From List By Label" library="SeleniumLibrary">
<arg>name=languageChoice</arg>
<arg>${language}</arg>
<doc>Selects options from selection list ``locator`` by ``labels``.</doc>
<msg timestamp="20220211 16:28:42.176" level="INFO">Selecting options from selection list 'name=languageChoice' by label English (Indian).</msg>
<status status="PASS" starttime="20220211 16:28:42.176" endtime="20220211 16:28:42.254"/>
</kw>
<kw name="Click Element" library="SeleniumLibrary">
<arg>xpath=//button[@type='submit']</arg>
<doc>Click the element identified by ``locator``.</doc>
<msg timestamp="20220211 16:28:42.254" level="INFO">Clicking element 'xpath=//button[@type='submit']'.</msg>
<status status="PASS" starttime="20220211 16:28:42.254" endtime="20220211 16:28:45.650"/>
</kw>
<kw name="Title Should Be" library="SeleniumLibrary">
<arg>${expected_title}</arg>
<doc>Verifies that the current page title equals ``title``.</doc>
<msg timestamp="20220211 16:28:45.657" level="INFO">Page title is 'OpenEMR'.</msg>
<status status="PASS" starttime="20220211 16:28:45.650" endtime="20220211 16:28:45.657"/>
</kw>
<status status="PASS" starttime="20220211 16:28:42.007" endtime="20220211 16:28:45.657"/>
</kw>
<kw name="End Browser" library="common_functionality" type="TEARDOWN">
<kw name="Capture Page Screenshot" library="SeleniumLibrary">
<doc>Takes a screenshot of the current page and embeds it into a log file.</doc>
<msg timestamp="20220211 16:28:45.908" level="INFO" html="true">&lt;/td&gt;&lt;/tr&gt;&lt;tr&gt;&lt;td colspan="3"&gt;&lt;a href="selenium-screenshot-4.png"&gt;&lt;img src="selenium-screenshot-4.png" width="800px"&gt;&lt;/a&gt;</msg>
<status status="PASS" starttime="20220211 16:28:45.658" endtime="20220211 16:28:45.908"/>
</kw>
<kw name="Close Browser" library="SeleniumLibrary">
<doc>Closes the current browser.</doc>
<status status="PASS" starttime="20220211 16:28:45.908" endtime="20220211 16:28:45.994"/>
</kw>
<status status="PASS" starttime="20220211 16:28:45.657" endtime="20220211 16:28:45.995"/>
</kw>
<status status="PASS" starttime="20220211 16:28:36.791" endtime="20220211 16:28:45.995"/>
</test>
<doc>This suit file handles all the test case related to the
valid credentials</doc>
<status status="PASS" starttime="20220211 16:28:27.010" endtime="20220211 16:28:45.996"/>
</suite>
<statistics>
<total>
<stat pass="2" fail="0" skip="0">All Tests</stat>
</total>
<tag>
</tag>
<suite>
<stat pass="2" fail="0" skip="0" id="s1" name="Verify Valid Credentials Suite">Verify Valid Credentials Suite</stat>
</suite>
</statistics>
<errors>
</errors>
</robot>
